[2024-03-06 01:54:48] local.ERROR: The "--columns" option does not exist. {"exception":"[object] (Symfony\\Component\\Console\\Exception\\RuntimeException(code: 0): The \"--columns\" option does not exist. at D:\\Bootcamp\\Tugas\\IM-Sanbercode-Laravel-Web-Dev-Batch-54\\latihanLaravel\\vendor\\symfony\\console\\Input\\ArgvInput.php:223)
[stacktrace]
#0 D:\\Bootcamp\\Tugas\\IM-Sanbercode-Laravel-Web-Dev-Batch-54\\latihanLaravel\\vendor\\symfony\\console\\Input\\ArgvInput.php(150): Symfony\\Component\\Console\\Input\\ArgvInput->addLongOption('columns', 'uri,name,action...')
#1 D:\\Bootcamp\\Tugas\\IM-Sanbercode-Laravel-Web-Dev-Batch-54\\latihanLaravel\\vendor\\symfony\\console\\Input\\ArgvInput.php(85): Symfony\\Component\\Console\\Input\\ArgvInput->parseLongOption('--columns=uri,n...')
#2 D:\\Bootcamp\\Tugas\\IM-Sanbercode-Laravel-Web-Dev-Batch-54\\latihanLaravel\\vendor\\symfony\\console\\Input\\ArgvInput.php(74): Symfony\\Component\\Console\\Input\\ArgvInput->parseToken('--columns=uri,n...', true)
#3 D:\\Bootcamp\\Tugas\\IM-Sanbercode-Laravel-Web-Dev-Batch-54\\latihanLaravel\\vendor\\symfony\\console\\Input\\Input.php(56): Symfony\\Component\\Console\\Input\\ArgvInput->parse()
#4 D:\\Bootcamp\\Tugas\\IM-Sanbercode-Laravel-Web-Dev-Batch-54\\latihanLaravel\\vendor\\symfony\\console\\Command\\Command.php(285): Symfony\\Component\\Console\\Input\\Input->bind(Object(Symfony\\Component\\Console\\Input\\InputDefinition))
#5 D:\\Bootcamp\\Tugas\\IM-Sanbercode-Laravel-Web-Dev-Batch-54\\latihanLaravel\\vendor\\laravel\\framework\\src\\Illuminate\\Console\\Command.php(153): Symfony\\Component\\Console\\Command\\Command->run(Object(Symfony\\Component\\Console\\Input\\ArgvInput), Object(Illuminate\\Console\\OutputStyle))
#6 D:\\Bootcamp\\Tugas\\IM-Sanbercode-Laravel-Web-Dev-Batch-54\\latihanLaravel\\vendor\\symfony\\console\\Application.php(1078): Illuminate\\Console\\Command->run(Object(Symfony\\Component\\Console\\Input\\ArgvInput), Object(Symfony\\Component\\Console\\Output\\ConsoleOutput))
#7 D:\\Bootcamp\\Tugas\\IM-Sanbercode-Laravel-Web-Dev-Batch-54\\latihanLaravel\\vendor\\symfony\\console\\Application.php(324): Symfony\\Component\\Console\\Application->doRunCommand(Object(Illuminate\\Foundation\\Console\\RouteListCommand), Object(Symfony\\Component\\Console\\Input\\ArgvInput), Object(Symfony\\Component\\Console\\Output\\ConsoleOutput))
#8 D:\\Bootcamp\\Tugas\\IM-Sanbercode-Laravel-Web-Dev-Batch-54\\latihanLaravel\\vendor\\symfony\\console\\Application.php(175): Symfony\\Component\\Console\\Application->doRun(Object(Symfony\\Component\\Console\\Input\\ArgvInput), Object(Symfony\\Component\\Console\\Output\\ConsoleOutput))
#9 D:\\Bootcamp\\Tugas\\IM-Sanbercode-Laravel-Web-Dev-Batch-54\\latihanLaravel\\vendor\\laravel\\framework\\src\\Illuminate\\Console\\Application.php(102): Symfony\\Component\\Console\\Application->run(Object(Symfony\\Component\\Console\\Input\\ArgvInput), Object(Symfony\\Component\\Console\\Output\\ConsoleOutput))
#10 D:\\Bootcamp\\Tugas\\IM-Sanbercode-Laravel-Web-Dev-Batch-54\\latihanLaravel\\vendor\\laravel\\framework\\src\\Illuminate\\Foundation\\Console\\Kernel.php(155): Illuminate\\Console\\Application->run(Object(Symfony\\Component\\Console\\Input\\ArgvInput), Object(Symfony\\Component\\Console\\Output\\ConsoleOutput))
#11 D:\\Bootcamp\\Tugas\\IM-Sanbercode-Laravel-Web-Dev-Batch-54\\latihanLaravel\\artisan(37): Illuminate\\Foundation\\Console\\Kernel->handle(Object(Symfony\\Component\\Console\\Input\\ArgvInput), Object(Symfony\\Component\\Console\\Output\\ConsoleOutput))
#12 {main}
"} 
[2024-03-06 01:54:51] local.ERROR: The "--columns" option does not exist. {"exception":"[object] (Symfony\\Component\\Console\\Exception\\RuntimeException(code: 0): The \"--columns\" option does not exist. at D:\\Bootcamp\\Tugas\\IM-Sanbercode-Laravel-Web-Dev-Batch-54\\latihanLaravel\\vendor\\symfony\\console\\Input\\ArgvInput.php:223)
[stacktrace]
#0 D:\\Bootcamp\\Tugas\\IM-Sanbercode-Laravel-Web-Dev-Batch-54\\latihanLaravel\\vendor\\symfony\\console\\Input\\ArgvInput.php(150): Symfony\\Component\\Console\\Input\\ArgvInput->addLongOption('columns', 'uri,name,action...')
#1 D:\\Bootcamp\\Tugas\\IM-Sanbercode-Laravel-Web-Dev-Batch-54\\latihanLaravel\\vendor\\symfony\\console\\Input\\ArgvInput.php(85): Symfony\\Component\\Console\\Input\\ArgvInput->parseLongOption('--columns=uri,n...')
#2 D:\\Bootcamp\\Tugas\\IM-Sanbercode-Laravel-Web-Dev-Batch-54\\latihanLaravel\\vendor\\symfony\\console\\Input\\ArgvInput.php(74): Symfony\\Component\\Console\\Input\\ArgvInput->parseToken('--columns=uri,n...', true)
#3 D:\\Bootcamp\\Tugas\\IM-Sanbercode-Laravel-Web-Dev-Batch-54\\latihanLaravel\\vendor\\symfony\\console\\Input\\Input.php(56): Symfony\\Component\\Console\\Input\\ArgvInput->parse()
#4 D:\\Bootcamp\\Tugas\\IM-Sanbercode-Laravel-Web-Dev-Batch-54\\latihanLaravel\\vendor\\symfony\\console\\Command\\Command.php(285): Symfony\\Component\\Console\\Input\\Input->bind(Object(Symfony\\Component\\Console\\Input\\InputDefinition))
#5 D:\\Bootcamp\\Tugas\\IM-Sanbercode-Laravel-Web-Dev-Batch-54\\latihanLaravel\\vendor\\laravel\\framework\\src\\Illuminate\\Console\\Command.php(153): Symfony\\Component\\Console\\Command\\Command->run(Object(Symfony\\Component\\Console\\Input\\ArgvInput), Object(Illuminate\\Console\\OutputStyle))
#6 D:\\Bootcamp\\Tugas\\IM-Sanbercode-Laravel-Web-Dev-Batch-54\\latihanLaravel\\vendor\\symfony\\console\\Application.php(1078): Illuminate\\Console\\Command->run(Object(Symfony\\Component\\Console\\Input\\ArgvInput), Object(Symfony\\Component\\Console\\Output\\ConsoleOutput))
#7 D:\\Bootcamp\\Tugas\\IM-Sanbercode-Laravel-Web-Dev-Batch-54\\latihanLaravel\\vendor\\symfony\\console\\Application.php(324): Symfony\\Component\\Console\\Application->doRunCommand(Object(Illuminate\\Foundation\\Console\\RouteListCommand), Object(Symfony\\Component\\Console\\Input\\ArgvInput), Object(Symfony\\Component\\Console\\Output\\ConsoleOutput))
#8 D:\\Bootcamp\\Tugas\\IM-Sanbercode-Laravel-Web-Dev-Batch-54\\latihanLaravel\\vendor\\symfony\\console\\Application.php(175): Symfony\\Component\\Console\\Application->doRun(Object(Symfony\\Component\\Console\\Input\\ArgvInput), Object(Symfony\\Component\\Console\\Output\\ConsoleOutput))
#9 D:\\Bootcamp\\Tugas\\IM-Sanbercode-Laravel-Web-Dev-Batch-54\\latihanLaravel\\vendor\\laravel\\framework\\src\\Illuminate\\Console\\Application.php(102): Symfony\\Component\\Console\\Application->run(Object(Symfony\\Component\\Console\\Input\\ArgvInput), Object(Symfony\\Component\\Console\\Output\\ConsoleOutput))
#10 D:\\Bootcamp\\Tugas\\IM-Sanbercode-Laravel-Web-Dev-Batch-54\\latihanLaravel\\vendor\\laravel\\framework\\src\\Illuminate\\Foundation\\Console\\Kernel.php(155): Illuminate\\Console\\Application->run(Object(Symfony\\Component\\Console\\Input\\ArgvInput), Object(Symfony\\Component\\Console\\Output\\ConsoleOutput))
#11 D:\\Bootcamp\\Tugas\\IM-Sanbercode-Laravel-Web-Dev-Batch-54\\latihanLaravel\\artisan(37): Illuminate\\Foundation\\Console\\Kernel->handle(Object(Symfony\\Component\\Console\\Input\\ArgvInput), Object(Symfony\\Component\\Console\\Output\\ConsoleOutput))
#12 {main}
"} 
[2024-03-06 01:54:53] local.ERROR: The "--columns" option does not exist. {"exception":"[object] (Symfony\\Component\\Console\\Exception\\RuntimeException(code: 0): The \"--columns\" option does not exist. at D:\\Bootcamp\\Tugas\\IM-Sanbercode-Laravel-Web-Dev-Batch-54\\latihanLaravel\\vendor\\symfony\\console\\Input\\ArgvInput.php:223)
[stacktrace]
#0 D:\\Bootcamp\\Tugas\\IM-Sanbercode-Laravel-Web-Dev-Batch-54\\latihanLaravel\\vendor\\symfony\\console\\Input\\ArgvInput.php(150): Symfony\\Component\\Console\\Input\\ArgvInput->addLongOption('columns', 'uri,name,action...')
#1 D:\\Bootcamp\\Tugas\\IM-Sanbercode-Laravel-Web-Dev-Batch-54\\latihanLaravel\\vendor\\symfony\\console\\Input\\ArgvInput.php(85): Symfony\\Component\\Console\\Input\\ArgvInput->parseLongOption('--columns=uri,n...')
#2 D:\\Bootcamp\\Tugas\\IM-Sanbercode-Laravel-Web-Dev-Batch-54\\latihanLaravel\\vendor\\symfony\\console\\Input\\ArgvInput.php(74): Symfony\\Component\\Console\\Input\\ArgvInput->parseToken('--columns=uri,n...', true)
#3 D:\\Bootcamp\\Tugas\\IM-Sanbercode-Laravel-Web-Dev-Batch-54\\latihanLaravel\\vendor\\symfony\\console\\Input\\Input.php(56): Symfony\\Component\\Console\\Input\\ArgvInput->parse()
#4 D:\\Bootcamp\\Tugas\\IM-Sanbercode-Laravel-Web-Dev-Batch-54\\latihanLaravel\\vendor\\symfony\\console\\Command\\Command.php(285): Symfony\\Component\\Console\\Input\\Input->bind(Object(Symfony\\Component\\Console\\Input\\InputDefinition))
#5 D:\\Bootcamp\\Tugas\\IM-Sanbercode-Laravel-Web-Dev-Batch-54\\latihanLaravel\\vendor\\laravel\\framework\\src\\Illuminate\\Console\\Command.php(153): Symfony\\Component\\Console\\Command\\Command->run(Object(Symfony\\Component\\Console\\Input\\ArgvInput), Object(Illuminate\\Console\\OutputStyle))
#6 D:\\Bootcamp\\Tugas\\IM-Sanbercode-Laravel-Web-Dev-Batch-54\\latihanLaravel\\vendor\\symfony\\console\\Application.php(1078): Illuminate\\Console\\Command->run(Object(Symfony\\Component\\Console\\Input\\ArgvInput), Object(Symfony\\Component\\Console\\Output\\ConsoleOutput))
#7 D:\\Bootcamp\\Tugas\\IM-Sanbercode-Laravel-Web-Dev-Batch-54\\latihanLaravel\\vendor\\symfony\\console\\Application.php(324): Symfony\\Component\\Console\\Application->doRunCommand(Object(Illuminate\\Foundation\\Console\\RouteListCommand), Object(Symfony\\Component\\Console\\Input\\ArgvInput), Object(Symfony\\Component\\Console\\Output\\ConsoleOutput))
#8 D:\\Bootcamp\\Tugas\\IM-Sanbercode-Laravel-Web-Dev-Batch-54\\latihanLaravel\\vendor\\symfony\\console\\Application.php(175): Symfony\\Component\\Console\\Application->doRun(Object(Symfony\\Component\\Console\\Input\\ArgvInput), Object(Symfony\\Component\\Console\\Output\\ConsoleOutput))
#9 D:\\Bootcamp\\Tugas\\IM-Sanbercode-Laravel-Web-Dev-Batch-54\\latihanLaravel\\vendor\\laravel\\framework\\src\\Illuminate\\Console\\Application.php(102): Symfony\\Component\\Console\\Application->run(Object(Symfony\\Component\\Console\\Input\\ArgvInput), Object(Symfony\\Component\\Console\\Output\\ConsoleOutput))
#10 D:\\Bootcamp\\Tugas\\IM-Sanbercode-Laravel-Web-Dev-Batch-54\\latihanLaravel\\vendor\\laravel\\framework\\src\\Illuminate\\Foundation\\Console\\Kernel.php(155): Illuminate\\Console\\Application->run(Object(Symfony\\Component\\Console\\Input\\ArgvInput), Object(Symfony\\Component\\Console\\Output\\ConsoleOutput))
#11 D:\\Bootcamp\\Tugas\\IM-Sanbercode-Laravel-Web-Dev-Batch-54\\latihanLaravel\\artisan(37): Illuminate\\Foundation\\Console\\Kernel->handle(Object(Symfony\\Component\\Console\\Input\\ArgvInput), Object(Symfony\\Component\\Console\\Output\\ConsoleOutput))
#12 {main}
"} 
[2024-03-06 02:23:27] local.ERROR: View [form] not found. {"exception":"[object] (InvalidArgumentException(code: 0): View [form] not found. at D:\\Bootcamp\\Tugas\\IM-Sanbercode-Laravel-Web-Dev-Batch-54\\latihanLaravel\\vendor\\laravel\\framework\\src\\Illuminate\\View\\FileViewFinder.php:137)
[stacktrace]
#0 D:\\Bootcamp\\Tugas\\IM-Sanbercode-Laravel-Web-Dev-Batch-54\\latihanLaravel\\vendor\\laravel\\framework\\src\\Illuminate\\View\\FileViewFinder.php(79): Illuminate\\View\\FileViewFinder->findInPaths('form', Array)
#1 D:\\Bootcamp\\Tugas\\IM-Sanbercode-Laravel-Web-Dev-Batch-54\\latihanLaravel\\vendor\\laravel\\framework\\src\\Illuminate\\View\\Factory.php(138): Illuminate\\View\\FileViewFinder->find('form')
#2 D:\\Bootcamp\\Tugas\\IM-Sanbercode-Laravel-Web-Dev-Batch-54\\latihanLaravel\\vendor\\laravel\\framework\\src\\Illuminate\\Foundation\\helpers.php(1035): Illuminate\\View\\Factory->make('form', Array, Array)
#3 D:\\Bootcamp\\Tugas\\IM-Sanbercode-Laravel-Web-Dev-Batch-54\\latihanLaravel\\routes\\web.php(21): view('form')
#4 D:\\Bootcamp\\Tugas\\IM-Sanbercode-Laravel-Web-Dev-Batch-54\\latihanLaravel\\vendor\\laravel\\framework\\src\\Illuminate\\Routing\\CallableDispatcher.php(40): Illuminate\\Routing\\RouteFileRegistrar->{closure}()
#5 D:\\Bootcamp\\Tugas\\IM-Sanbercode-Laravel-Web-Dev-Batch-54\\latihanLaravel\\vendor\\laravel\\framework\\src\\Illuminate\\Routing\\Route.php(237): Illuminate\\Routing\\CallableDispatcher->dispatch(Object(Illuminate\\Routing\\Route), Object(Closure))
#6 D:\\Bootcamp\\Tugas\\IM-Sanbercode-Laravel-Web-Dev-Batch-54\\latihanLaravel\\vendor\\laravel\\framework\\src\\Illuminate\\Routing\\Route.php(208): Illuminate\\Routing\\Route->runCallable()
#7 D:\\Bootcamp\\Tugas\\IM-Sanbercode-Laravel-Web-Dev-Batch-54\\latihanLaravel\\vendor\\laravel\\framework\\src\\Illuminate\\Routing\\Router.php(798): Illuminate\\Routing\\Route->run()
#8 D:\\Bootcamp\\Tugas\\IM-Sanbercode-Laravel-Web-Dev-Batch-54\\latihanLaravel\\vendor\\laravel\\framework\\src\\Illuminate\\Pipeline\\Pipeline.php(141): Illuminate\\Routing\\Router->Illuminate\\Routing\\{closure}(Object(Illuminate\\Http\\Request))
#9 D:\\Bootcamp\\Tugas\\IM-Sanbercode-Laravel-Web-Dev-Batch-54\\latihanLaravel\\vendor\\laravel\\framework\\src\\Illuminate\\Routing\\Middleware\\SubstituteBindings.php(50): Illuminate\\Pipeline\\Pipeline->Illuminate\\Pipeline\\{closure}(Object(Illuminate\\Http\\Request))
#10 D:\\Bootcamp\\Tugas\\IM-Sanbercode-Laravel-Web-Dev-Batch-54\\latihanLaravel\\vendor\\laravel\\framework\\src\\Illuminate\\Pipeline\\Pipeline.php(180): Illuminate\\Routing\\Middleware\\SubstituteBindings->handle(Object(Illuminate\\Http\\Request), Object(Closure))
#11 D:\\Bootcamp\\Tugas\\IM-Sanbercode-Laravel-Web-Dev-Batch-54\\latihanLaravel\\vendor\\laravel\\framework\\src\\Illuminate\\Foundation\\Http\\Middleware\\VerifyCsrfToken.php(78): Illuminate\\Pipeline\\Pipeline->Illuminate\\Pipeline\\{closure}(Object(Illuminate\\Http\\Request))
#12 D:\\Bootcamp\\Tugas\\IM-Sanbercode-Laravel-Web-Dev-Batch-54\\latihanLaravel\\vendor\\laravel\\framework\\src\\Illuminate\\Pipeline\\Pipeline.php(180): Illuminate\\Foundation\\Http\\Middleware\\VerifyCsrfToken->handle(Object(Illuminate\\Http\\Request), Object(Closure))
#13 D:\\Bootcamp\\Tugas\\IM-Sanbercode-Laravel-Web-Dev-Batch-54\\latihanLaravel\\vendor\\laravel\\framework\\src\\Illuminate\\View\\Middleware\\ShareErrorsFromSession.php(49): Illuminate\\Pipeline\\Pipeline->Illuminate\\Pipeline\\{closure}(Object(Illuminate\\Http\\Request))
#14 D:\\Bootcamp\\Tugas\\IM-Sanbercode-Laravel-Web-Dev-Batch-54\\latihanLaravel\\vendor\\laravel\\framework\\src\\Illuminate\\Pipeline\\Pipeline.php(180): Illuminate\\View\\Middleware\\ShareErrorsFromSession->handle(Object(Illuminate\\Http\\Request), Object(Closure))
#15 D:\\Bootcamp\\Tugas\\IM-Sanbercode-Laravel-Web-Dev-Batch-54\\latihanLaravel\\vendor\\laravel\\framework\\src\\Illuminate\\Session\\Middleware\\StartSession.php(121): Illuminate\\Pipeline\\Pipeline->Illuminate\\Pipeline\\{closure}(Object(Illuminate\\Http\\Request))
#16 D:\\Bootcamp\\Tugas\\IM-Sanbercode-Laravel-Web-Dev-Batch-54\\latihanLaravel\\vendor\\laravel\\framework\\src\\Illuminate\\Session\\Middleware\\StartSession.php(64): Illuminate\\Session\\Middleware\\StartSession->handleStatefulRequest(Object(Illuminate\\Http\\Request), Object(Illuminate\\Session\\Store), Object(Closure))
#17 D:\\Bootcamp\\Tugas\\IM-Sanbercode-Laravel-Web-Dev-Batch-54\\latihanLaravel\\vendor\\laravel\\framework\\src\\Illuminate\\Pipeline\\Pipeline.php(180): Illuminate\\Session\\Middleware\\StartSession->handle(Object(Illuminate\\Http\\Request), Object(Closure))
#18 D:\\Bootcamp\\Tugas\\IM-Sanbercode-Laravel-Web-Dev-Batch-54\\latihanLaravel\\vendor\\laravel\\framework\\src\\Illuminate\\Cookie\\Middleware\\AddQueuedCookiesToResponse.php(37): Illuminate\\Pipeline\\Pipeline->Illuminate\\Pipeline\\{closure}(Object(Illuminate\\Http\\Request))
#19 D:\\Bootcamp\\Tugas\\IM-Sanbercode-Laravel-Web-Dev-Batch-54\\latihanLaravel\\vendor\\laravel\\framework\\src\\Illuminate\\Pipeline\\Pipeline.php(180): Illuminate\\Cookie\\Middleware\\AddQueuedCookiesToResponse->handle(Object(Illuminate\\Http\\Request), Object(Closure))
#20 D:\\Bootcamp\\Tugas\\IM-Sanbercode-Laravel-Web-Dev-Batch-54\\latihanLaravel\\vendor\\laravel\\framework\\src\\Illuminate\\Cookie\\Middleware\\EncryptCookies.php(67): Illuminate\\Pipeline\\Pipeline->Illuminate\\Pipeline\\{closure}(Object(Illuminate\\Http\\Request))
#21 D:\\Bootcamp\\Tugas\\IM-Sanbercode-Laravel-Web-Dev-Batch-54\\latihanLaravel\\vendor\\laravel\\framework\\src\\Illuminate\\Pipeline\\Pipeline.php(180): Illuminate\\Cookie\\Middleware\\EncryptCookies->handle(Object(Illuminate\\Http\\Request), Object(Closure))
#22 D:\\Bootcamp\\Tugas\\IM-Sanbercode-Laravel-Web-Dev-Batch-54\\latihanLaravel\\vendor\\laravel\\framework\\src\\Illuminate\\Pipeline\\Pipeline.php(116): Illuminate\\Pipeline\\Pipeline->Illuminate\\Pipeline\\{closure}(Object(Illuminate\\Http\\Request))
#23 D:\\Bootcamp\\Tugas\\IM-Sanbercode-Laravel-Web-Dev-Batch-54\\latihanLaravel\\vendor\\laravel\\framework\\src\\Illuminate\\Routing\\Router.php(799): Illuminate\\Pipeline\\Pipeline->then(Object(Closure))
#24 D:\\Bootcamp\\Tugas\\IM-Sanbercode-Laravel-Web-Dev-Batch-54\\latihanLaravel\\vendor\\laravel\\framework\\src\\Illuminate\\Routing\\Router.php(776): Illuminate\\Routing\\Router->runRouteWithinStack(Object(Illuminate\\Routing\\Route), Object(Illuminate\\Http\\Request))
#25 D:\\Bootcamp\\Tugas\\IM-Sanbercode-Laravel-Web-Dev-Batch-54\\latihanLaravel\\vendor\\laravel\\framework\\src\\Illuminate\\Routing\\Router.php(740): Illuminate\\Routing\\Router->runRoute(Object(Illuminate\\Http\\Request), Object(Illuminate\\Routing\\Route))
#26 D:\\Bootcamp\\Tugas\\IM-Sanbercode-Laravel-Web-Dev-Batch-54\\latihanLaravel\\vendor\\laravel\\framework\\src\\Illuminate\\Routing\\Router.php(729): Illuminate\\Routing\\Router->dispatchToRoute(Object(Illuminate\\Http\\Request))
#27 D:\\Bootcamp\\Tugas\\IM-Sanbercode-Laravel-Web-Dev-Batch-54\\latihanLaravel\\vendor\\laravel\\framework\\src\\Illuminate\\Foundation\\Http\\Kernel.php(190): Illuminate\\Routing\\Router->dispatch(Object(Illuminate\\Http\\Request))
#28 D:\\Bootcamp\\Tugas\\IM-Sanbercode-Laravel-Web-Dev-Batch-54\\latihanLaravel\\vendor\\laravel\\framework\\src\\Illuminate\\Pipeline\\Pipeline.php(141): Illuminate\\Foundation\\Http\\Kernel->Illuminate\\Foundation\\Http\\{closure}(Object(Illuminate\\Http\\Request))
#29 D:\\Bootcamp\\Tugas\\IM-Sanbercode-Laravel-Web-Dev-Batch-54\\latihanLaravel\\vendor\\laravel\\framework\\src\\Illuminate\\Foundation\\Http\\Middleware\\TransformsRequest.php(21): Illuminate\\Pipeline\\Pipeline->Illuminate\\Pipeline\\{closure}(Object(Illuminate\\Http\\Request))
#30 D:\\Bootcamp\\Tugas\\IM-Sanbercode-Laravel-Web-Dev-Batch-54\\latihanLaravel\\vendor\\laravel\\framework\\src\\Illuminate\\Foundation\\Http\\Middleware\\ConvertEmptyStringsToNull.php(31): Illuminate\\Foundation\\Http\\Middleware\\TransformsRequest->handle(Object(Illuminate\\Http\\Request), Object(Closure))
#31 D:\\Bootcamp\\Tugas\\IM-Sanbercode-Laravel-Web-Dev-Batch-54\\latihanLaravel\\vendor\\laravel\\framework\\src\\Illuminate\\Pipeline\\Pipeline.php(180): Illuminate\\Foundation\\Http\\Middleware\\ConvertEmptyStringsToNull->handle(Object(Illuminate\\Http\\Request), Object(Closure))
#32 D:\\Bootcamp\\Tugas\\IM-Sanbercode-Laravel-Web-Dev-Batch-54\\latihanLaravel\\vendor\\laravel\\framework\\src\\Illuminate\\Foundation\\Http\\Middleware\\TransformsRequest.php(21): Illuminate\\Pipeline\\Pipeline->Illuminate\\Pipeline\\{closure}(Object(Illuminate\\Http\\Request))
#33 D:\\Bootcamp\\Tugas\\IM-Sanbercode-Laravel-Web-Dev-Batch-54\\latihanLaravel\\vendor\\laravel\\framework\\src\\Illuminate\\Foundation\\Http\\Middleware\\TrimStrings.php(40): Illuminate\\Foundation\\Http\\Middleware\\TransformsRequest->handle(Object(Illuminate\\Http\\Request), Object(Closure))
#34 D:\\Bootcamp\\Tugas\\IM-Sanbercode-Laravel-Web-Dev-Batch-54\\latihanLaravel\\vendor\\laravel\\framework\\src\\Illuminate\\Pipeline\\Pipeline.php(180): Illuminate\\Foundation\\Http\\Middleware\\TrimStrings->handle(Object(Illuminate\\Http\\Request), Object(Closure))
#35 D:\\Bootcamp\\Tugas\\IM-Sanbercode-Laravel-Web-Dev-Batch-54\\latihanLaravel\\vendor\\laravel\\framework\\src\\Illuminate\\Foundation\\Http\\Middleware\\ValidatePostSize.php(27): Illuminate\\Pipeline\\Pipeline->Illuminate\\Pipeline\\{closure}(Object(Illuminate\\Http\\Request))
#36 D:\\Bootcamp\\Tugas\\IM-Sanbercode-Laravel-Web-Dev-Batch-54\\latihanLaravel\\vendor\\laravel\\framework\\src\\Illuminate\\Pipeline\\Pipeline.php(180): Illuminate\\Foundation\\Http\\Middleware\\ValidatePostSize->handle(Object(Illuminate\\Http\\Request), Object(Closure))
#37 D:\\Bootcamp\\Tugas\\IM-Sanbercode-Laravel-Web-Dev-Batch-54\\latihanLaravel\\vendor\\laravel\\framework\\src\\Illuminate\\Foundation\\Http\\Middleware\\PreventRequestsDuringMaintenance.php(86): Illuminate\\Pipeline\\Pipeline->Illuminate\\Pipeline\\{closure}(Object(Illuminate\\Http\\Request))
#38 D:\\Bootcamp\\Tugas\\IM-Sanbercode-Laravel-Web-Dev-Batch-54\\latihanLaravel\\vendor\\laravel\\framework\\src\\Illuminate\\Pipeline\\Pipeline.php(180): Illuminate\\Foundation\\Http\\Middleware\\PreventRequestsDuringMaintenance->handle(Object(Illuminate\\Http\\Request), Object(Closure))
#39 D:\\Bootcamp\\Tugas\\IM-Sanbercode-Laravel-Web-Dev-Batch-54\\latihanLaravel\\vendor\\laravel\\framework\\src\\Illuminate\\Http\\Middleware\\HandleCors.php(49): Illuminate\\Pipeline\\Pipeline->Illuminate\\Pipeline\\{closure}(Object(Illuminate\\Http\\Request))
#40 D:\\Bootcamp\\Tugas\\IM-Sanbercode-Laravel-Web-Dev-Batch-54\\latihanLaravel\\vendor\\laravel\\framework\\src\\Illuminate\\Pipeline\\Pipeline.php(180): Illuminate\\Http\\Middleware\\HandleCors->handle(Object(Illuminate\\Http\\Request), Object(Closure))
#41 D:\\Bootcamp\\Tugas\\IM-Sanbercode-Laravel-Web-Dev-Batch-54\\latihanLaravel\\vendor\\laravel\\framework\\src\\Illuminate\\Http\\Middleware\\TrustProxies.php(39): Illuminate\\Pipeline\\Pipeline->Illuminate\\Pipeline\\{closure}(Object(Illuminate\\Http\\Request))
#42 D:\\Bootcamp\\Tugas\\IM-Sanbercode-Laravel-Web-Dev-Batch-54\\latihanLaravel\\vendor\\laravel\\framework\\src\\Illuminate\\Pipeline\\Pipeline.php(180): Illuminate\\Http\\Middleware\\TrustProxies->handle(Object(Illuminate\\Http\\Request), Object(Closure))
#43 D:\\Bootcamp\\Tugas\\IM-Sanbercode-Laravel-Web-Dev-Batch-54\\latihanLaravel\\vendor\\laravel\\framework\\src\\Illuminate\\Pipeline\\Pipeline.php(116): Illuminate\\Pipeline\\Pipeline->Illuminate\\Pipeline\\{closure}(Object(Illuminate\\Http\\Request))
#44 D:\\Bootcamp\\Tugas\\IM-Sanbercode-Laravel-Web-Dev-Batch-54\\latihanLaravel\\vendor\\laravel\\framework\\src\\Illuminate\\Foundation\\Http\\Kernel.php(165): Illuminate\\Pipeline\\Pipeline->then(Object(Closure))
#45 D:\\Bootcamp\\Tugas\\IM-Sanbercode-Laravel-Web-Dev-Batch-54\\latihanLaravel\\vendor\\laravel\\framework\\src\\Illuminate\\Foundation\\Http\\Kernel.php(134): Illuminate\\Foundation\\Http\\Kernel->sendRequestThroughRouter(Object(Illuminate\\Http\\Request))
#46 D:\\Bootcamp\\Tugas\\IM-Sanbercode-Laravel-Web-Dev-Batch-54\\latihanLaravel\\public\\index.php(52): Illuminate\\Foundation\\Http\\Kernel->handle(Object(Illuminate\\Http\\Request))
#47 D:\\Bootcamp\\Tugas\\IM-Sanbercode-Laravel-Web-Dev-Batch-54\\latihanLaravel\\vendor\\laravel\\framework\\src\\Illuminate\\Foundation\\resources\\server.php(16): require_once('D:\\\\Bootcamp\\\\Tug...')
#48 {main}
"} 
[2024-03-06 02:34:03] local.ERROR: Method App\Http\Controllers\HomeController::index does not exist. {"exception":"[object] (BadMethodCallException(code: 0): Method App\\Http\\Controllers\\HomeController::index does not exist. at D:\\Bootcamp\\Tugas\\IM-Sanbercode-Laravel-Web-Dev-Batch-54\\latihanLaravel\\vendor\\laravel\\framework\\src\\Illuminate\\Routing\\Controller.php:68)
[stacktrace]
#0 D:\\Bootcamp\\Tugas\\IM-Sanbercode-Laravel-Web-Dev-Batch-54\\latihanLaravel\\vendor\\laravel\\framework\\src\\Illuminate\\Routing\\Controller.php(54): Illuminate\\Routing\\Controller->__call('index', Array)
#1 D:\\Bootcamp\\Tugas\\IM-Sanbercode-Laravel-Web-Dev-Batch-54\\latihanLaravel\\vendor\\laravel\\framework\\src\\Illuminate\\Routing\\ControllerDispatcher.php(43): Illuminate\\Routing\\Controller->callAction('index', Array)
#2 D:\\Bootcamp\\Tugas\\IM-Sanbercode-Laravel-Web-Dev-Batch-54\\latihanLaravel\\vendor\\laravel\\framework\\src\\Illuminate\\Routing\\Route.php(260): Illuminate\\Routing\\ControllerDispatcher->dispatch(Object(Illuminate\\Routing\\Route), Object(App\\Http\\Controllers\\HomeController), 'index')
#3 D:\\Bootcamp\\Tugas\\IM-Sanbercode-Laravel-Web-Dev-Batch-54\\latihanLaravel\\vendor\\laravel\\framework\\src\\Illuminate\\Routing\\Route.php(205): Illuminate\\Routing\\Route->runController()
#4 D:\\Bootcamp\\Tugas\\IM-Sanbercode-Laravel-Web-Dev-Batch-54\\latihanLaravel\\vendor\\laravel\\framework\\src\\Illuminate\\Routing\\Router.php(798): Illuminate\\Routing\\Route->run()
#5 D:\\Bootcamp\\Tugas\\IM-Sanbercode-Laravel-Web-Dev-Batch-54\\latihanLaravel\\vendor\\laravel\\framework\\src\\Illuminate\\Pipeline\\Pipeline.php(141): Illuminate\\Routing\\Router->Illuminate\\Routing\\{closure}(Object(Illuminate\\Http\\Request))
#6 D:\\Bootcamp\\Tugas\\IM-Sanbercode-Laravel-Web-Dev-Batch-54\\latihanLaravel\\vendor\\laravel\\framework\\src\\Illuminate\\Routing\\Middleware\\SubstituteBindings.php(50): Illuminate\\Pipeline\\Pipeline->Illuminate\\Pipeline\\{closure}(Object(Illuminate\\Http\\Request))
#7 D:\\Bootcamp\\Tugas\\IM-Sanbercode-Laravel-Web-Dev-Batch-54\\latihanLaravel\\vendor\\laravel\\framework\\src\\Illuminate\\Pipeline\\Pipeline.php(180): Illuminate\\Routing\\Middleware\\SubstituteBindings->handle(Object(Illuminate\\Http\\Request), Object(Closure))
#8 D:\\Bootcamp\\Tugas\\IM-Sanbercode-Laravel-Web-Dev-Batch-54\\latihanLaravel\\vendor\\laravel\\framework\\src\\Illuminate\\Foundation\\Http\\Middleware\\VerifyCsrfToken.php(78): Illuminate\\Pipeline\\Pipeline->Illuminate\\Pipeline\\{closure}(Object(Illuminate\\Http\\Request))
#9 D:\\Bootcamp\\Tugas\\IM-Sanbercode-Laravel-Web-Dev-Batch-54\\latihanLaravel\\vendor\\laravel\\framework\\src\\Illuminate\\Pipeline\\Pipeline.php(180): Illuminate\\Foundation\\Http\\Middleware\\VerifyCsrfToken->handle(Object(Illuminate\\Http\\Request), Object(Closure))
#10 D:\\Bootcamp\\Tugas\\IM-Sanbercode-Laravel-Web-Dev-Batch-54\\latihanLaravel\\vendor\\laravel\\framework\\src\\Illuminate\\View\\Middleware\\ShareErrorsFromSession.php(49): Illuminate\\Pipeline\\Pipeline->Illuminate\\Pipeline\\{closure}(Object(Illuminate\\Http\\Request))
#11 D:\\Bootcamp\\Tugas\\IM-Sanbercode-Laravel-Web-Dev-Batch-54\\latihanLaravel\\vendor\\laravel\\framework\\src\\Illuminate\\Pipeline\\Pipeline.php(180): Illuminate\\View\\Middleware\\ShareErrorsFromSession->handle(Object(Illuminate\\Http\\Request), Object(Closure))
#12 D:\\Bootcamp\\Tugas\\IM-Sanbercode-Laravel-Web-Dev-Batch-54\\latihanLaravel\\vendor\\laravel\\framework\\src\\Illuminate\\Session\\Middleware\\StartSession.php(121): Illuminate\\Pipeline\\Pipeline->Illuminate\\Pipeline\\{closure}(Object(Illuminate\\Http\\Request))
#13 D:\\Bootcamp\\Tugas\\IM-Sanbercode-Laravel-Web-Dev-Batch-54\\latihanLaravel\\vendor\\laravel\\framework\\src\\Illuminate\\Session\\Middleware\\StartSession.php(64): Illuminate\\Session\\Middleware\\StartSession->handleStatefulRequest(Object(Illuminate\\Http\\Request), Object(Illuminate\\Session\\Store), Object(Closure))
#14 D:\\Bootcamp\\Tugas\\IM-Sanbercode-Laravel-Web-Dev-Batch-54\\latihanLaravel\\vendor\\laravel\\framework\\src\\Illuminate\\Pipeline\\Pipeline.php(180): Illuminate\\Session\\Middleware\\StartSession->handle(Object(Illuminate\\Http\\Request), Object(Closure))
#15 D:\\Bootcamp\\Tugas\\IM-Sanbercode-Laravel-Web-Dev-Batch-54\\latihanLaravel\\vendor\\laravel\\framework\\src\\Illuminate\\Cookie\\Middleware\\AddQueuedCookiesToResponse.php(37): Illuminate\\Pipeline\\Pipeline->Illuminate\\Pipeline\\{closure}(Object(Illuminate\\Http\\Request))
#16 D:\\Bootcamp\\Tugas\\IM-Sanbercode-Laravel-Web-Dev-Batch-54\\latihanLaravel\\vendor\\laravel\\framework\\src\\Illuminate\\Pipeline\\Pipeline.php(180): Illuminate\\Cookie\\Middleware\\AddQueuedCookiesToResponse->handle(Object(Illuminate\\Http\\Request), Object(Closure))
#17 D:\\Bootcamp\\Tugas\\IM-Sanbercode-Laravel-Web-Dev-Batch-54\\latihanLaravel\\vendor\\laravel\\framework\\src\\Illuminate\\Cookie\\Middleware\\EncryptCookies.php(67): Illuminate\\Pipeline\\Pipeline->Illuminate\\Pipeline\\{closure}(Object(Illuminate\\Http\\Request))
#18 D:\\Bootcamp\\Tugas\\IM-Sanbercode-Laravel-Web-Dev-Batch-54\\latihanLaravel\\vendor\\laravel\\framework\\src\\Illuminate\\Pipeline\\Pipeline.php(180): Illuminate\\Cookie\\Middleware\\EncryptCookies->handle(Object(Illuminate\\Http\\Request), Object(Closure))
#19 D:\\Bootcamp\\Tugas\\IM-Sanbercode-Laravel-Web-Dev-Batch-54\\latihanLaravel\\vendor\\laravel\\framework\\src\\Illuminate\\Pipeline\\Pipeline.php(116): Illuminate\\Pipeline\\Pipeline->Illuminate\\Pipeline\\{closure}(Object(Illuminate\\Http\\Request))
#20 D:\\Bootcamp\\Tugas\\IM-Sanbercode-Laravel-Web-Dev-Batch-54\\latihanLaravel\\vendor\\laravel\\framework\\src\\Illuminate\\Routing\\Router.php(799): Illuminate\\Pipeline\\Pipeline->then(Object(Closure))
#21 D:\\Bootcamp\\Tugas\\IM-Sanbercode-Laravel-Web-Dev-Batch-54\\latihanLaravel\\vendor\\laravel\\framework\\src\\Illuminate\\Routing\\Router.php(776): Illuminate\\Routing\\Router->runRouteWithinStack(Object(Illuminate\\Routing\\Route), Object(Illuminate\\Http\\Request))
#22 D:\\Bootcamp\\Tugas\\IM-Sanbercode-Laravel-Web-Dev-Batch-54\\latihanLaravel\\vendor\\laravel\\framework\\src\\Illuminate\\Routing\\Router.php(740): Illuminate\\Routing\\Router->runRoute(Object(Illuminate\\Http\\Request), Object(Illuminate\\Routing\\Route))
#23 D:\\Bootcamp\\Tugas\\IM-Sanbercode-Laravel-Web-Dev-Batch-54\\latihanLaravel\\vendor\\laravel\\framework\\src\\Illuminate\\Routing\\Router.php(729): Illuminate\\Routing\\Router->dispatchToRoute(Object(Illuminate\\Http\\Request))
#24 D:\\Bootcamp\\Tugas\\IM-Sanbercode-Laravel-Web-Dev-Batch-54\\latihanLaravel\\vendor\\laravel\\framework\\src\\Illuminate\\Foundation\\Http\\Kernel.php(190): Illuminate\\Routing\\Router->dispatch(Object(Illuminate\\Http\\Request))
#25 D:\\Bootcamp\\Tugas\\IM-Sanbercode-Laravel-Web-Dev-Batch-54\\latihanLaravel\\vendor\\laravel\\framework\\src\\Illuminate\\Pipeline\\Pipeline.php(141): Illuminate\\Foundation\\Http\\Kernel->Illuminate\\Foundation\\Http\\{closure}(Object(Illuminate\\Http\\Request))
#26 D:\\Bootcamp\\Tugas\\IM-Sanbercode-Laravel-Web-Dev-Batch-54\\latihanLaravel\\vendor\\laravel\\framework\\src\\Illuminate\\Foundation\\Http\\Middleware\\TransformsRequest.php(21): Illuminate\\Pipeline\\Pipeline->Illuminate\\Pipeline\\{closure}(Object(Illuminate\\Http\\Request))
#27 D:\\Bootcamp\\Tugas\\IM-Sanbercode-Laravel-Web-Dev-Batch-54\\latihanLaravel\\vendor\\laravel\\framework\\src\\Illuminate\\Foundation\\Http\\Middleware\\ConvertEmptyStringsToNull.php(31): Illuminate\\Foundation\\Http\\Middleware\\TransformsRequest->handle(Object(Illuminate\\Http\\Request), Object(Closure))
#28 D:\\Bootcamp\\Tugas\\IM-Sanbercode-Laravel-Web-Dev-Batch-54\\latihanLaravel\\vendor\\laravel\\framework\\src\\Illuminate\\Pipeline\\Pipeline.php(180): Illuminate\\Foundation\\Http\\Middleware\\ConvertEmptyStringsToNull->handle(Object(Illuminate\\Http\\Request), Object(Closure))
#29 D:\\Bootcamp\\Tugas\\IM-Sanbercode-Laravel-Web-Dev-Batch-54\\latihanLaravel\\vendor\\laravel\\framework\\src\\Illuminate\\Foundation\\Http\\Middleware\\TransformsRequest.php(21): Illuminate\\Pipeline\\Pipeline->Illuminate\\Pipeline\\{closure}(Object(Illuminate\\Http\\Request))
#30 D:\\Bootcamp\\Tugas\\IM-Sanbercode-Laravel-Web-Dev-Batch-54\\latihanLaravel\\vendor\\laravel\\framework\\src\\Illuminate\\Foundation\\Http\\Middleware\\TrimStrings.php(40): Illuminate\\Foundation\\Http\\Middleware\\TransformsRequest->handle(Object(Illuminate\\Http\\Request), Object(Closure))
#31 D:\\Bootcamp\\Tugas\\IM-Sanbercode-Laravel-Web-Dev-Batch-54\\latihanLaravel\\vendor\\laravel\\framework\\src\\Illuminate\\Pipeline\\Pipeline.php(180): Illuminate\\Foundation\\Http\\Middleware\\TrimStrings->handle(Object(Illuminate\\Http\\Request), Object(Closure))
#32 D:\\Bootcamp\\Tugas\\IM-Sanbercode-Laravel-Web-Dev-Batch-54\\latihanLaravel\\vendor\\laravel\\framework\\src\\Illuminate\\Foundation\\Http\\Middleware\\ValidatePostSize.php(27): Illuminate\\Pipeline\\Pipeline->Illuminate\\Pipeline\\{closure}(Object(Illuminate\\Http\\Request))
#33 D:\\Bootcamp\\Tugas\\IM-Sanbercode-Laravel-Web-Dev-Batch-54\\latihanLaravel\\vendor\\laravel\\framework\\src\\Illuminate\\Pipeline\\Pipeline.php(180): Illuminate\\Foundation\\Http\\Middleware\\ValidatePostSize->handle(Object(Illuminate\\Http\\Request), Object(Closure))
#34 D:\\Bootcamp\\Tugas\\IM-Sanbercode-Laravel-Web-Dev-Batch-54\\latihanLaravel\\vendor\\laravel\\framework\\src\\Illuminate\\Foundation\\Http\\Middleware\\PreventRequestsDuringMaintenance.php(86): Illuminate\\Pipeline\\Pipeline->Illuminate\\Pipeline\\{closure}(Object(Illuminate\\Http\\Request))
#35 D:\\Bootcamp\\Tugas\\IM-Sanbercode-Laravel-Web-Dev-Batch-54\\latihanLaravel\\vendor\\laravel\\framework\\src\\Illuminate\\Pipeline\\Pipeline.php(180): Illuminate\\Foundation\\Http\\Middleware\\PreventRequestsDuringMaintenance->handle(Object(Illuminate\\Http\\Request), Object(Closure))
#36 D:\\Bootcamp\\Tugas\\IM-Sanbercode-Laravel-Web-Dev-Batch-54\\latihanLaravel\\vendor\\laravel\\framework\\src\\Illuminate\\Http\\Middleware\\HandleCors.php(49): Illuminate\\Pipeline\\Pipeline->Illuminate\\Pipeline\\{closure}(Object(Illuminate\\Http\\Request))
#37 D:\\Bootcamp\\Tugas\\IM-Sanbercode-Laravel-Web-Dev-Batch-54\\latihanLaravel\\vendor\\laravel\\framework\\src\\Illuminate\\Pipeline\\Pipeline.php(180): Illuminate\\Http\\Middleware\\HandleCors->handle(Object(Illuminate\\Http\\Request), Object(Closure))
#38 D:\\Bootcamp\\Tugas\\IM-Sanbercode-Laravel-Web-Dev-Batch-54\\latihanLaravel\\vendor\\laravel\\framework\\src\\Illuminate\\Http\\Middleware\\TrustProxies.php(39): Illuminate\\Pipeline\\Pipeline->Illuminate\\Pipeline\\{closure}(Object(Illuminate\\Http\\Request))
#39 D:\\Bootcamp\\Tugas\\IM-Sanbercode-Laravel-Web-Dev-Batch-54\\latihanLaravel\\vendor\\laravel\\framework\\src\\Illuminate\\Pipeline\\Pipeline.php(180): Illuminate\\Http\\Middleware\\TrustProxies->handle(Object(Illuminate\\Http\\Request), Object(Closure))
#40 D:\\Bootcamp\\Tugas\\IM-Sanbercode-Laravel-Web-Dev-Batch-54\\latihanLaravel\\vendor\\laravel\\framework\\src\\Illuminate\\Pipeline\\Pipeline.php(116): Illuminate\\Pipeline\\Pipeline->Illuminate\\Pipeline\\{closure}(Object(Illuminate\\Http\\Request))
#41 D:\\Bootcamp\\Tugas\\IM-Sanbercode-Laravel-Web-Dev-Batch-54\\latihanLaravel\\vendor\\laravel\\framework\\src\\Illuminate\\Foundation\\Http\\Kernel.php(165): Illuminate\\Pipeline\\Pipeline->then(Object(Closure))
#42 D:\\Bootcamp\\Tugas\\IM-Sanbercode-Laravel-Web-Dev-Batch-54\\latihanLaravel\\vendor\\laravel\\framework\\src\\Illuminate\\Foundation\\Http\\Kernel.php(134): Illuminate\\Foundation\\Http\\Kernel->sendRequestThroughRouter(Object(Illuminate\\Http\\Request))
#43 D:\\Bootcamp\\Tugas\\IM-Sanbercode-Laravel-Web-Dev-Batch-54\\latihanLaravel\\public\\index.php(52): Illuminate\\Foundation\\Http\\Kernel->handle(Object(Illuminate\\Http\\Request))
#44 D:\\Bootcamp\\Tugas\\IM-Sanbercode-Laravel-Web-Dev-Batch-54\\latihanLaravel\\vendor\\laravel\\framework\\src\\Illuminate\\Foundation\\resources\\server.php(16): require_once('D:\\\\Bootcamp\\\\Tug...')
#45 {main}
"} 
[2024-03-06 02:37:15] local.ERROR: Cannot use App\Http\Controllers\AuthController as AuthController because the name is already in use {"exception":"[object] (Symfony\\Component\\ErrorHandler\\Error\\FatalError(code: 0): Cannot use App\\Http\\Controllers\\AuthController as AuthController because the name is already in use at D:\\Bootcamp\\Tugas\\IM-Sanbercode-Laravel-Web-Dev-Batch-54\\latihanLaravel\\routes\\web.php:6)
[stacktrace]
#0 {main}
"} 
[2024-03-06 02:38:02] local.ERROR: Cannot use App\Http\Controller\AuthController as AuthController because the name is already in use {"exception":"[object] (Symfony\\Component\\ErrorHandler\\Error\\FatalError(code: 0): Cannot use App\\Http\\Controller\\AuthController as AuthController because the name is already in use at D:\\Bootcamp\\Tugas\\IM-Sanbercode-Laravel-Web-Dev-Batch-54\\latihanLaravel\\routes\\web.php:6)
[stacktrace]
#0 {main}
"} 
[2024-03-06 02:38:07] local.ERROR: Cannot use App\Http\Controller\AuthController as AuthController because the name is already in use {"exception":"[object] (Symfony\\Component\\ErrorHandler\\Error\\FatalError(code: 0): Cannot use App\\Http\\Controller\\AuthController as AuthController because the name is already in use at D:\\Bootcamp\\Tugas\\IM-Sanbercode-Laravel-Web-Dev-Batch-54\\latihanLaravel\\routes\\web.php:6)
[stacktrace]
#0 {main}
"} 
[2024-03-06 02:38:08] local.ERROR: Cannot use App\Http\Controller\AuthController as AuthController because the name is already in use {"exception":"[object] (Symfony\\Component\\ErrorHandler\\Error\\FatalError(code: 0): Cannot use App\\Http\\Controller\\AuthController as AuthController because the name is already in use at D:\\Bootcamp\\Tugas\\IM-Sanbercode-Laravel-Web-Dev-Batch-54\\latihanLaravel\\routes\\web.php:6)
[stacktrace]
#0 {main}
"} 
[2024-03-06 03:05:14] local.ERROR: Undefined variable $namaBelaknag {"view":{"view":"D:\\Bootcamp\\Tugas\\IM-Sanbercode-Laravel-Web-Dev-Batch-54\\latihanLaravel\\resources\\views\\home.blade.php","data":{"errors":"<pre class=sf-dump id=sf-dump-626080063 data-indent-pad=\"  \"><span class=sf-dump-note>Illuminate\\Support\\ViewErrorBag</span> {<a class=sf-dump-ref>#267</a><samp data-depth=1 class=sf-dump-expanded>
  #<span class=sf-dump-protected title=\"Protected property\">bags</span>: []
</samp>}
</pre><script>Sfdump(\"sf-dump-626080063\", {\"maxDepth\":3,\"maxStringLength\":160})</script>
","namaDepan":"<pre class=sf-dump id=sf-dump-19663879 data-indent-pad=\"  \">\"<span class=sf-dump-str title=\"5 characters\">riski</span>\"
</pre><script>Sfdump(\"sf-dump-19663879\", {\"maxDepth\":3,\"maxStringLength\":160})</script>
","namaBelakang":"<pre class=sf-dump id=sf-dump-660112864 data-indent-pad=\"  \">\"<span class=sf-dump-str title=\"4 characters\">afia</span>\"
</pre><script>Sfdump(\"sf-dump-660112864\", {\"maxDepth\":3,\"maxStringLength\":160})</script>
","nationality":"<pre class=sf-dump id=sf-dump-1981198768 data-indent-pad=\"  \"><span class=sf-dump-const>null</span>
</pre><script>Sfdump(\"sf-dump-1981198768\", {\"maxDepth\":3,\"maxStringLength\":160})</script>
","language":"<pre class=sf-dump id=sf-dump-1203292263 data-indent-pad=\"  \">\"<span class=sf-dump-str title=\"2 characters\">on</span>\"
</pre><script>Sfdump(\"sf-dump-1203292263\", {\"maxDepth\":3,\"maxStringLength\":160})</script>
","bio":"<pre class=sf-dump id=sf-dump-1687422093 data-indent-pad=\"  \">\"<span class=sf-dump-str title=\"3 characters\">123</span>\"
</pre><script>Sfdump(\"sf-dump-1687422093\", {\"maxDepth\":3,\"maxStringLength\":160})</script>
"}},"exception":"[object] (Spatie\\LaravelIgnition\\Exceptions\\ViewException(code: 0): Undefined variable $namaBelaknag at D:\\Bootcamp\\Tugas\\IM-Sanbercode-Laravel-Web-Dev-Batch-54\\latihanLaravel\\resources\\views\\home.blade.php:11)
[stacktrace]
#0 D:\\Bootcamp\\Tugas\\IM-Sanbercode-Laravel-Web-Dev-Batch-54\\latihanLaravel\\vendor\\laravel\\framework\\src\\Illuminate\\Foundation\\Bootstrap\\HandleExceptions.php(270): Illuminate\\Foundation\\Bootstrap\\HandleExceptions->handleError(2, 'Undefined varia...', 'D:\\\\Bootcamp\\\\Tug...', 11)
#1 D:\\Bootcamp\\Tugas\\IM-Sanbercode-Laravel-Web-Dev-Batch-54\\latihanLaravel\\resources\\views\\home.blade.php(11): Illuminate\\Foundation\\Bootstrap\\HandleExceptions->Illuminate\\Foundation\\Bootstrap\\{closure}(2, 'Undefined varia...', 'D:\\\\Bootcamp\\\\Tug...', 11)
#2 D:\\Bootcamp\\Tugas\\IM-Sanbercode-Laravel-Web-Dev-Batch-54\\latihanLaravel\\vendor\\laravel\\framework\\src\\Illuminate\\Filesystem\\Filesystem.php(109): require('D:\\\\Bootcamp\\\\Tug...')
#3 D:\\Bootcamp\\Tugas\\IM-Sanbercode-Laravel-Web-Dev-Batch-54\\latihanLaravel\\vendor\\laravel\\framework\\src\\Illuminate\\Filesystem\\Filesystem.php(110): Illuminate\\Filesystem\\Filesystem::Illuminate\\Filesystem\\{closure}()
#4 D:\\Bootcamp\\Tugas\\IM-Sanbercode-Laravel-Web-Dev-Batch-54\\latihanLaravel\\vendor\\laravel\\framework\\src\\Illuminate\\View\\Engines\\PhpEngine.php(58): Illuminate\\Filesystem\\Filesystem->getRequire('D:\\\\Bootcamp\\\\Tug...', Array)
#5 D:\\Bootcamp\\Tugas\\IM-Sanbercode-Laravel-Web-Dev-Batch-54\\latihanLaravel\\vendor\\laravel\\framework\\src\\Illuminate\\View\\Engines\\CompilerEngine.php(70): Illuminate\\View\\Engines\\PhpEngine->evaluatePath('D:\\\\Bootcamp\\\\Tug...', Array)
#6 D:\\Bootcamp\\Tugas\\IM-Sanbercode-Laravel-Web-Dev-Batch-54\\latihanLaravel\\vendor\\laravel\\framework\\src\\Illuminate\\View\\View.php(195): Illuminate\\View\\Engines\\CompilerEngine->get('D:\\\\Bootcamp\\\\Tug...', Array)
#7 D:\\Bootcamp\\Tugas\\IM-Sanbercode-Laravel-Web-Dev-Batch-54\\latihanLaravel\\vendor\\laravel\\framework\\src\\Illuminate\\View\\View.php(178): Illuminate\\View\\View->getContents()
#8 D:\\Bootcamp\\Tugas\\IM-Sanbercode-Laravel-Web-Dev-Batch-54\\latihanLaravel\\vendor\\laravel\\framework\\src\\Illuminate\\View\\View.php(147): Illuminate\\View\\View->renderContents()
#9 D:\\Bootcamp\\Tugas\\IM-Sanbercode-Laravel-Web-Dev-Batch-54\\latihanLaravel\\vendor\\laravel\\framework\\src\\Illuminate\\Http\\Response.php(69): Illuminate\\View\\View->render()
#10 D:\\Bootcamp\\Tugas\\IM-Sanbercode-Laravel-Web-Dev-Batch-54\\latihanLaravel\\vendor\\laravel\\framework\\src\\Illuminate\\Http\\Response.php(35): Illuminate\\Http\\Response->setContent(Object(Illuminate\\View\\View))
#11 D:\\Bootcamp\\Tugas\\IM-Sanbercode-Laravel-Web-Dev-Batch-54\\latihanLaravel\\vendor\\laravel\\framework\\src\\Illuminate\\Routing\\Router.php(906): Illuminate\\Http\\Response->__construct(Object(Illuminate\\View\\View), 200, Array)
#12 D:\\Bootcamp\\Tugas\\IM-Sanbercode-Laravel-Web-Dev-Batch-54\\latihanLaravel\\vendor\\laravel\\framework\\src\\Illuminate\\Routing\\Router.php(875): Illuminate\\Routing\\Router::toResponse(Object(Illuminate\\Http\\Request), Object(Illuminate\\View\\View))
#13 D:\\Bootcamp\\Tugas\\IM-Sanbercode-Laravel-Web-Dev-Batch-54\\latihanLaravel\\vendor\\laravel\\framework\\src\\Illuminate\\Routing\\Router.php(798): Illuminate\\Routing\\Router->prepareResponse(Object(Illuminate\\Http\\Request), Object(Illuminate\\View\\View))
#14 D:\\Bootcamp\\Tugas\\IM-Sanbercode-Laravel-Web-Dev-Batch-54\\latihanLaravel\\vendor\\laravel\\framework\\src\\Illuminate\\Pipeline\\Pipeline.php(141): Illuminate\\Routing\\Router->Illuminate\\Routing\\{closure}(Object(Illuminate\\Http\\Request))
#15 D:\\Bootcamp\\Tugas\\IM-Sanbercode-Laravel-Web-Dev-Batch-54\\latihanLaravel\\vendor\\laravel\\framework\\src\\Illuminate\\Routing\\Middleware\\SubstituteBindings.php(50): Illuminate\\Pipeline\\Pipeline->Illuminate\\Pipeline\\{closure}(Object(Illuminate\\Http\\Request))
#16 D:\\Bootcamp\\Tugas\\IM-Sanbercode-Laravel-Web-Dev-Batch-54\\latihanLaravel\\vendor\\laravel\\framework\\src\\Illuminate\\Pipeline\\Pipeline.php(180): Illuminate\\Routing\\Middleware\\SubstituteBindings->handle(Object(Illuminate\\Http\\Request), Object(Closure))
#17 D:\\Bootcamp\\Tugas\\IM-Sanbercode-Laravel-Web-Dev-Batch-54\\latihanLaravel\\vendor\\laravel\\framework\\src\\Illuminate\\Foundation\\Http\\Middleware\\VerifyCsrfToken.php(78): Illuminate\\Pipeline\\Pipeline->Illuminate\\Pipeline\\{closure}(Object(Illuminate\\Http\\Request))
#18 D:\\Bootcamp\\Tugas\\IM-Sanbercode-Laravel-Web-Dev-Batch-54\\latihanLaravel\\vendor\\laravel\\framework\\src\\Illuminate\\Pipeline\\Pipeline.php(180): Illuminate\\Foundation\\Http\\Middleware\\VerifyCsrfToken->handle(Object(Illuminate\\Http\\Request), Object(Closure))
#19 D:\\Bootcamp\\Tugas\\IM-Sanbercode-Laravel-Web-Dev-Batch-54\\latihanLaravel\\vendor\\laravel\\framework\\src\\Illuminate\\View\\Middleware\\ShareErrorsFromSession.php(49): Illuminate\\Pipeline\\Pipeline->Illuminate\\Pipeline\\{closure}(Object(Illuminate\\Http\\Request))
#20 D:\\Bootcamp\\Tugas\\IM-Sanbercode-Laravel-Web-Dev-Batch-54\\latihanLaravel\\vendor\\laravel\\framework\\src\\Illuminate\\Pipeline\\Pipeline.php(180): Illuminate\\View\\Middleware\\ShareErrorsFromSession->handle(Object(Illuminate\\Http\\Request), Object(Closure))
#21 D:\\Bootcamp\\Tugas\\IM-Sanbercode-Laravel-Web-Dev-Batch-54\\latihanLaravel\\vendor\\laravel\\framework\\src\\Illuminate\\Session\\Middleware\\StartSession.php(121): Illuminate\\Pipeline\\Pipeline->Illuminate\\Pipeline\\{closure}(Object(Illuminate\\Http\\Request))
#22 D:\\Bootcamp\\Tugas\\IM-Sanbercode-Laravel-Web-Dev-Batch-54\\latihanLaravel\\vendor\\laravel\\framework\\src\\Illuminate\\Session\\Middleware\\StartSession.php(64): Illuminate\\Session\\Middleware\\StartSession->handleStatefulRequest(Object(Illuminate\\Http\\Request), Object(Illuminate\\Session\\Store), Object(Closure))
#23 D:\\Bootcamp\\Tugas\\IM-Sanbercode-Laravel-Web-Dev-Batch-54\\latihanLaravel\\vendor\\laravel\\framework\\src\\Illuminate\\Pipeline\\Pipeline.php(180): Illuminate\\Session\\Middleware\\StartSession->handle(Object(Illuminate\\Http\\Request), Object(Closure))
#24 D:\\Bootcamp\\Tugas\\IM-Sanbercode-Laravel-Web-Dev-Batch-54\\latihanLaravel\\vendor\\laravel\\framework\\src\\Illuminate\\Cookie\\Middleware\\AddQueuedCookiesToResponse.php(37): Illuminate\\Pipeline\\Pipeline->Illuminate\\Pipeline\\{closure}(Object(Illuminate\\Http\\Request))
#25 D:\\Bootcamp\\Tugas\\IM-Sanbercode-Laravel-Web-Dev-Batch-54\\latihanLaravel\\vendor\\laravel\\framework\\src\\Illuminate\\Pipeline\\Pipeline.php(180): Illuminate\\Cookie\\Middleware\\AddQueuedCookiesToResponse->handle(Object(Illuminate\\Http\\Request), Object(Closure))
#26 D:\\Bootcamp\\Tugas\\IM-Sanbercode-Laravel-Web-Dev-Batch-54\\latihanLaravel\\vendor\\laravel\\framework\\src\\Illuminate\\Cookie\\Middleware\\EncryptCookies.php(67): Illuminate\\Pipeline\\Pipeline->Illuminate\\Pipeline\\{closure}(Object(Illuminate\\Http\\Request))
#27 D:\\Bootcamp\\Tugas\\IM-Sanbercode-Laravel-Web-Dev-Batch-54\\latihanLaravel\\vendor\\laravel\\framework\\src\\Illuminate\\Pipeline\\Pipeline.php(180): Illuminate\\Cookie\\Middleware\\EncryptCookies->handle(Object(Illuminate\\Http\\Request), Object(Closure))
#28 D:\\Bootcamp\\Tugas\\IM-Sanbercode-Laravel-Web-Dev-Batch-54\\latihanLaravel\\vendor\\laravel\\framework\\src\\Illuminate\\Pipeline\\Pipeline.php(116): Illuminate\\Pipeline\\Pipeline->Illuminate\\Pipeline\\{closure}(Object(Illuminate\\Http\\Request))
#29 D:\\Bootcamp\\Tugas\\IM-Sanbercode-Laravel-Web-Dev-Batch-54\\latihanLaravel\\vendor\\laravel\\framework\\src\\Illuminate\\Routing\\Router.php(799): Illuminate\\Pipeline\\Pipeline->then(Object(Closure))
#30 D:\\Bootcamp\\Tugas\\IM-Sanbercode-Laravel-Web-Dev-Batch-54\\latihanLaravel\\vendor\\laravel\\framework\\src\\Illuminate\\Routing\\Router.php(776): Illuminate\\Routing\\Router->runRouteWithinStack(Object(Illuminate\\Routing\\Route), Object(Illuminate\\Http\\Request))
#31 D:\\Bootcamp\\Tugas\\IM-Sanbercode-Laravel-Web-Dev-Batch-54\\latihanLaravel\\vendor\\laravel\\framework\\src\\Illuminate\\Routing\\Router.php(740): Illuminate\\Routing\\Router->runRoute(Object(Illuminate\\Http\\Request), Object(Illuminate\\Routing\\Route))
#32 D:\\Bootcamp\\Tugas\\IM-Sanbercode-Laravel-Web-Dev-Batch-54\\latihanLaravel\\vendor\\laravel\\framework\\src\\Illuminate\\Routing\\Router.php(729): Illuminate\\Routing\\Router->dispatchToRoute(Object(Illuminate\\Http\\Request))
#33 D:\\Bootcamp\\Tugas\\IM-Sanbercode-Laravel-Web-Dev-Batch-54\\latihanLaravel\\vendor\\laravel\\framework\\src\\Illuminate\\Foundation\\Http\\Kernel.php(190): Illuminate\\Routing\\Router->dispatch(Object(Illuminate\\Http\\Request))
#34 D:\\Bootcamp\\Tugas\\IM-Sanbercode-Laravel-Web-Dev-Batch-54\\latihanLaravel\\vendor\\laravel\\framework\\src\\Illuminate\\Pipeline\\Pipeline.php(141): Illuminate\\Foundation\\Http\\Kernel->Illuminate\\Foundation\\Http\\{closure}(Object(Illuminate\\Http\\Request))
#35 D:\\Bootcamp\\Tugas\\IM-Sanbercode-Laravel-Web-Dev-Batch-54\\latihanLaravel\\vendor\\laravel\\framework\\src\\Illuminate\\Foundation\\Http\\Middleware\\TransformsRequest.php(21): Illuminate\\Pipeline\\Pipeline->Illuminate\\Pipeline\\{closure}(Object(Illuminate\\Http\\Request))
#36 D:\\Bootcamp\\Tugas\\IM-Sanbercode-Laravel-Web-Dev-Batch-54\\latihanLaravel\\vendor\\laravel\\framework\\src\\Illuminate\\Foundation\\Http\\Middleware\\ConvertEmptyStringsToNull.php(31): Illuminate\\Foundation\\Http\\Middleware\\TransformsRequest->handle(Object(Illuminate\\Http\\Request), Object(Closure))
#37 D:\\Bootcamp\\Tugas\\IM-Sanbercode-Laravel-Web-Dev-Batch-54\\latihanLaravel\\vendor\\laravel\\framework\\src\\Illuminate\\Pipeline\\Pipeline.php(180): Illuminate\\Foundation\\Http\\Middleware\\ConvertEmptyStringsToNull->handle(Object(Illuminate\\Http\\Request), Object(Closure))
#38 D:\\Bootcamp\\Tugas\\IM-Sanbercode-Laravel-Web-Dev-Batch-54\\latihanLaravel\\vendor\\laravel\\framework\\src\\Illuminate\\Foundation\\Http\\Middleware\\TransformsRequest.php(21): Illuminate\\Pipeline\\Pipeline->Illuminate\\Pipeline\\{closure}(Object(Illuminate\\Http\\Request))
#39 D:\\Bootcamp\\Tugas\\IM-Sanbercode-Laravel-Web-Dev-Batch-54\\latihanLaravel\\vendor\\laravel\\framework\\src\\Illuminate\\Foundation\\Http\\Middleware\\TrimStrings.php(40): Illuminate\\Foundation\\Http\\Middleware\\TransformsRequest->handle(Object(Illuminate\\Http\\Request), Object(Closure))
#40 D:\\Bootcamp\\Tugas\\IM-Sanbercode-Laravel-Web-Dev-Batch-54\\latihanLaravel\\vendor\\laravel\\framework\\src\\Illuminate\\Pipeline\\Pipeline.php(180): Illuminate\\Foundation\\Http\\Middleware\\TrimStrings->handle(Object(Illuminate\\Http\\Request), Object(Closure))
#41 D:\\Bootcamp\\Tugas\\IM-Sanbercode-Laravel-Web-Dev-Batch-54\\latihanLaravel\\vendor\\laravel\\framework\\src\\Illuminate\\Foundation\\Http\\Middleware\\ValidatePostSize.php(27): Illuminate\\Pipeline\\Pipeline->Illuminate\\Pipeline\\{closure}(Object(Illuminate\\Http\\Request))
#42 D:\\Bootcamp\\Tugas\\IM-Sanbercode-Laravel-Web-Dev-Batch-54\\latihanLaravel\\vendor\\laravel\\framework\\src\\Illuminate\\Pipeline\\Pipeline.php(180): Illuminate\\Foundation\\Http\\Middleware\\ValidatePostSize->handle(Object(Illuminate\\Http\\Request), Object(Closure))
#43 D:\\Bootcamp\\Tugas\\IM-Sanbercode-Laravel-Web-Dev-Batch-54\\latihanLaravel\\vendor\\laravel\\framework\\src\\Illuminate\\Foundation\\Http\\Middleware\\PreventRequestsDuringMaintenance.php(86): Illuminate\\Pipeline\\Pipeline->Illuminate\\Pipeline\\{closure}(Object(Illuminate\\Http\\Request))
#44 D:\\Bootcamp\\Tugas\\IM-Sanbercode-Laravel-Web-Dev-Batch-54\\latihanLaravel\\vendor\\laravel\\framework\\src\\Illuminate\\Pipeline\\Pipeline.php(180): Illuminate\\Foundation\\Http\\Middleware\\PreventRequestsDuringMaintenance->handle(Object(Illuminate\\Http\\Request), Object(Closure))
#45 D:\\Bootcamp\\Tugas\\IM-Sanbercode-Laravel-Web-Dev-Batch-54\\latihanLaravel\\vendor\\laravel\\framework\\src\\Illuminate\\Http\\Middleware\\HandleCors.php(49): Illuminate\\Pipeline\\Pipeline->Illuminate\\Pipeline\\{closure}(Object(Illuminate\\Http\\Request))
#46 D:\\Bootcamp\\Tugas\\IM-Sanbercode-Laravel-Web-Dev-Batch-54\\latihanLaravel\\vendor\\laravel\\framework\\src\\Illuminate\\Pipeline\\Pipeline.php(180): Illuminate\\Http\\Middleware\\HandleCors->handle(Object(Illuminate\\Http\\Request), Object(Closure))
#47 D:\\Bootcamp\\Tugas\\IM-Sanbercode-Laravel-Web-Dev-Batch-54\\latihanLaravel\\vendor\\laravel\\framework\\src\\Illuminate\\Http\\Middleware\\TrustProxies.php(39): Illuminate\\Pipeline\\Pipeline->Illuminate\\Pipeline\\{closure}(Object(Illuminate\\Http\\Request))
#48 D:\\Bootcamp\\Tugas\\IM-Sanbercode-Laravel-Web-Dev-Batch-54\\latihanLaravel\\vendor\\laravel\\framework\\src\\Illuminate\\Pipeline\\Pipeline.php(180): Illuminate\\Http\\Middleware\\TrustProxies->handle(Object(Illuminate\\Http\\Request), Object(Closure))
#49 D:\\Bootcamp\\Tugas\\IM-Sanbercode-Laravel-Web-Dev-Batch-54\\latihanLaravel\\vendor\\laravel\\framework\\src\\Illuminate\\Pipeline\\Pipeline.php(116): Illuminate\\Pipeline\\Pipeline->Illuminate\\Pipeline\\{closure}(Object(Illuminate\\Http\\Request))
#50 D:\\Bootcamp\\Tugas\\IM-Sanbercode-Laravel-Web-Dev-Batch-54\\latihanLaravel\\vendor\\laravel\\framework\\src\\Illuminate\\Foundation\\Http\\Kernel.php(165): Illuminate\\Pipeline\\Pipeline->then(Object(Closure))
#51 D:\\Bootcamp\\Tugas\\IM-Sanbercode-Laravel-Web-Dev-Batch-54\\latihanLaravel\\vendor\\laravel\\framework\\src\\Illuminate\\Foundation\\Http\\Kernel.php(134): Illuminate\\Foundation\\Http\\Kernel->sendRequestThroughRouter(Object(Illuminate\\Http\\Request))
#52 D:\\Bootcamp\\Tugas\\IM-Sanbercode-Laravel-Web-Dev-Batch-54\\latihanLaravel\\public\\index.php(52): Illuminate\\Foundation\\Http\\Kernel->handle(Object(Illuminate\\Http\\Request))
#53 D:\\Bootcamp\\Tugas\\IM-Sanbercode-Laravel-Web-Dev-Batch-54\\latihanLaravel\\vendor\\laravel\\framework\\src\\Illuminate\\Foundation\\resources\\server.php(16): require_once('D:\\\\Bootcamp\\\\Tug...')
#54 {main}

[previous exception] [object] (ErrorException(code: 0): Undefined variable $namaBelaknag at D:\\Bootcamp\\Tugas\\IM-Sanbercode-Laravel-Web-Dev-Batch-54\\latihanLaravel\\storage\\framework\\views\\f585e9e1271c16d65d0b4a70424a9f0a74a13ffe.php:11)
[stacktrace]
#0 D:\\Bootcamp\\Tugas\\IM-Sanbercode-Laravel-Web-Dev-Batch-54\\latihanLaravel\\vendor\\laravel\\framework\\src\\Illuminate\\Foundation\\Bootstrap\\HandleExceptions.php(270): Illuminate\\Foundation\\Bootstrap\\HandleExceptions->handleError(2, 'Undefined varia...', 'D:\\\\Bootcamp\\\\Tug...', 11)
#1 D:\\Bootcamp\\Tugas\\IM-Sanbercode-Laravel-Web-Dev-Batch-54\\latihanLaravel\\storage\\framework\\views\\f585e9e1271c16d65d0b4a70424a9f0a74a13ffe.php(11): Illuminate\\Foundation\\Bootstrap\\HandleExceptions->Illuminate\\Foundation\\Bootstrap\\{closure}(2, 'Undefined varia...', 'D:\\\\Bootcamp\\\\Tug...', 11)
#2 D:\\Bootcamp\\Tugas\\IM-Sanbercode-Laravel-Web-Dev-Batch-54\\latihanLaravel\\vendor\\laravel\\framework\\src\\Illuminate\\Filesystem\\Filesystem.php(109): require('D:\\\\Bootcamp\\\\Tug...')
#3 D:\\Bootcamp\\Tugas\\IM-Sanbercode-Laravel-Web-Dev-Batch-54\\latihanLaravel\\vendor\\laravel\\framework\\src\\Illuminate\\Filesystem\\Filesystem.php(110): Illuminate\\Filesystem\\Filesystem::Illuminate\\Filesystem\\{closure}()
#4 D:\\Bootcamp\\Tugas\\IM-Sanbercode-Laravel-Web-Dev-Batch-54\\latihanLaravel\\vendor\\laravel\\framework\\src\\Illuminate\\View\\Engines\\PhpEngine.php(58): Illuminate\\Filesystem\\Filesystem->getRequire('D:\\\\Bootcamp\\\\Tug...', Array)
#5 D:\\Bootcamp\\Tugas\\IM-Sanbercode-Laravel-Web-Dev-Batch-54\\latihanLaravel\\vendor\\laravel\\framework\\src\\Illuminate\\View\\Engines\\CompilerEngine.php(70): Illuminate\\View\\Engines\\PhpEngine->evaluatePath('D:\\\\Bootcamp\\\\Tug...', Array)
#6 D:\\Bootcamp\\Tugas\\IM-Sanbercode-Laravel-Web-Dev-Batch-54\\latihanLaravel\\vendor\\laravel\\framework\\src\\Illuminate\\View\\View.php(195): Illuminate\\View\\Engines\\CompilerEngine->get('D:\\\\Bootcamp\\\\Tug...', Array)
#7 D:\\Bootcamp\\Tugas\\IM-Sanbercode-Laravel-Web-Dev-Batch-54\\latihanLaravel\\vendor\\laravel\\framework\\src\\Illuminate\\View\\View.php(178): Illuminate\\View\\View->getContents()
#8 D:\\Bootcamp\\Tugas\\IM-Sanbercode-Laravel-Web-Dev-Batch-54\\latihanLaravel\\vendor\\laravel\\framework\\src\\Illuminate\\View\\View.php(147): Illuminate\\View\\View->renderContents()
#9 D:\\Bootcamp\\Tugas\\IM-Sanbercode-Laravel-Web-Dev-Batch-54\\latihanLaravel\\vendor\\laravel\\framework\\src\\Illuminate\\Http\\Response.php(69): Illuminate\\View\\View->render()
#10 D:\\Bootcamp\\Tugas\\IM-Sanbercode-Laravel-Web-Dev-Batch-54\\latihanLaravel\\vendor\\laravel\\framework\\src\\Illuminate\\Http\\Response.php(35): Illuminate\\Http\\Response->setContent(Object(Illuminate\\View\\View))
#11 D:\\Bootcamp\\Tugas\\IM-Sanbercode-Laravel-Web-Dev-Batch-54\\latihanLaravel\\vendor\\laravel\\framework\\src\\Illuminate\\Routing\\Router.php(906): Illuminate\\Http\\Response->__construct(Object(Illuminate\\View\\View), 200, Array)
#12 D:\\Bootcamp\\Tugas\\IM-Sanbercode-Laravel-Web-Dev-Batch-54\\latihanLaravel\\vendor\\laravel\\framework\\src\\Illuminate\\Routing\\Router.php(875): Illuminate\\Routing\\Router::toResponse(Object(Illuminate\\Http\\Request), Object(Illuminate\\View\\View))
#13 D:\\Bootcamp\\Tugas\\IM-Sanbercode-Laravel-Web-Dev-Batch-54\\latihanLaravel\\vendor\\laravel\\framework\\src\\Illuminate\\Routing\\Router.php(798): Illuminate\\Routing\\Router->prepareResponse(Object(Illuminate\\Http\\Request), Object(Illuminate\\View\\View))
#14 D:\\Bootcamp\\Tugas\\IM-Sanbercode-Laravel-Web-Dev-Batch-54\\latihanLaravel\\vendor\\laravel\\framework\\src\\Illuminate\\Pipeline\\Pipeline.php(141): Illuminate\\Routing\\Router->Illuminate\\Routing\\{closure}(Object(Illuminate\\Http\\Request))
#15 D:\\Bootcamp\\Tugas\\IM-Sanbercode-Laravel-Web-Dev-Batch-54\\latihanLaravel\\vendor\\laravel\\framework\\src\\Illuminate\\Routing\\Middleware\\SubstituteBindings.php(50): Illuminate\\Pipeline\\Pipeline->Illuminate\\Pipeline\\{closure}(Object(Illuminate\\Http\\Request))
#16 D:\\Bootcamp\\Tugas\\IM-Sanbercode-Laravel-Web-Dev-Batch-54\\latihanLaravel\\vendor\\laravel\\framework\\src\\Illuminate\\Pipeline\\Pipeline.php(180): Illuminate\\Routing\\Middleware\\SubstituteBindings->handle(Object(Illuminate\\Http\\Request), Object(Closure))
#17 D:\\Bootcamp\\Tugas\\IM-Sanbercode-Laravel-Web-Dev-Batch-54\\latihanLaravel\\vendor\\laravel\\framework\\src\\Illuminate\\Foundation\\Http\\Middleware\\VerifyCsrfToken.php(78): Illuminate\\Pipeline\\Pipeline->Illuminate\\Pipeline\\{closure}(Object(Illuminate\\Http\\Request))
#18 D:\\Bootcamp\\Tugas\\IM-Sanbercode-Laravel-Web-Dev-Batch-54\\latihanLaravel\\vendor\\laravel\\framework\\src\\Illuminate\\Pipeline\\Pipeline.php(180): Illuminate\\Foundation\\Http\\Middleware\\VerifyCsrfToken->handle(Object(Illuminate\\Http\\Request), Object(Closure))
#19 D:\\Bootcamp\\Tugas\\IM-Sanbercode-Laravel-Web-Dev-Batch-54\\latihanLaravel\\vendor\\laravel\\framework\\src\\Illuminate\\View\\Middleware\\ShareErrorsFromSession.php(49): Illuminate\\Pipeline\\Pipeline->Illuminate\\Pipeline\\{closure}(Object(Illuminate\\Http\\Request))
#20 D:\\Bootcamp\\Tugas\\IM-Sanbercode-Laravel-Web-Dev-Batch-54\\latihanLaravel\\vendor\\laravel\\framework\\src\\Illuminate\\Pipeline\\Pipeline.php(180): Illuminate\\View\\Middleware\\ShareErrorsFromSession->handle(Object(Illuminate\\Http\\Request), Object(Closure))
#21 D:\\Bootcamp\\Tugas\\IM-Sanbercode-Laravel-Web-Dev-Batch-54\\latihanLaravel\\vendor\\laravel\\framework\\src\\Illuminate\\Session\\Middleware\\StartSession.php(121): Illuminate\\Pipeline\\Pipeline->Illuminate\\Pipeline\\{closure}(Object(Illuminate\\Http\\Request))
#22 D:\\Bootcamp\\Tugas\\IM-Sanbercode-Laravel-Web-Dev-Batch-54\\latihanLaravel\\vendor\\laravel\\framework\\src\\Illuminate\\Session\\Middleware\\StartSession.php(64): Illuminate\\Session\\Middleware\\StartSession->handleStatefulRequest(Object(Illuminate\\Http\\Request), Object(Illuminate\\Session\\Store), Object(Closure))
#23 D:\\Bootcamp\\Tugas\\IM-Sanbercode-Laravel-Web-Dev-Batch-54\\latihanLaravel\\vendor\\laravel\\framework\\src\\Illuminate\\Pipeline\\Pipeline.php(180): Illuminate\\Session\\Middleware\\StartSession->handle(Object(Illuminate\\Http\\Request), Object(Closure))
#24 D:\\Bootcamp\\Tugas\\IM-Sanbercode-Laravel-Web-Dev-Batch-54\\latihanLaravel\\vendor\\laravel\\framework\\src\\Illuminate\\Cookie\\Middleware\\AddQueuedCookiesToResponse.php(37): Illuminate\\Pipeline\\Pipeline->Illuminate\\Pipeline\\{closure}(Object(Illuminate\\Http\\Request))
#25 D:\\Bootcamp\\Tugas\\IM-Sanbercode-Laravel-Web-Dev-Batch-54\\latihanLaravel\\vendor\\laravel\\framework\\src\\Illuminate\\Pipeline\\Pipeline.php(180): Illuminate\\Cookie\\Middleware\\AddQueuedCookiesToResponse->handle(Object(Illuminate\\Http\\Request), Object(Closure))
#26 D:\\Bootcamp\\Tugas\\IM-Sanbercode-Laravel-Web-Dev-Batch-54\\latihanLaravel\\vendor\\laravel\\framework\\src\\Illuminate\\Cookie\\Middleware\\EncryptCookies.php(67): Illuminate\\Pipeline\\Pipeline->Illuminate\\Pipeline\\{closure}(Object(Illuminate\\Http\\Request))
#27 D:\\Bootcamp\\Tugas\\IM-Sanbercode-Laravel-Web-Dev-Batch-54\\latihanLaravel\\vendor\\laravel\\framework\\src\\Illuminate\\Pipeline\\Pipeline.php(180): Illuminate\\Cookie\\Middleware\\EncryptCookies->handle(Object(Illuminate\\Http\\Request), Object(Closure))
#28 D:\\Bootcamp\\Tugas\\IM-Sanbercode-Laravel-Web-Dev-Batch-54\\latihanLaravel\\vendor\\laravel\\framework\\src\\Illuminate\\Pipeline\\Pipeline.php(116): Illuminate\\Pipeline\\Pipeline->Illuminate\\Pipeline\\{closure}(Object(Illuminate\\Http\\Request))
#29 D:\\Bootcamp\\Tugas\\IM-Sanbercode-Laravel-Web-Dev-Batch-54\\latihanLaravel\\vendor\\laravel\\framework\\src\\Illuminate\\Routing\\Router.php(799): Illuminate\\Pipeline\\Pipeline->then(Object(Closure))
#30 D:\\Bootcamp\\Tugas\\IM-Sanbercode-Laravel-Web-Dev-Batch-54\\latihanLaravel\\vendor\\laravel\\framework\\src\\Illuminate\\Routing\\Router.php(776): Illuminate\\Routing\\Router->runRouteWithinStack(Object(Illuminate\\Routing\\Route), Object(Illuminate\\Http\\Request))
#31 D:\\Bootcamp\\Tugas\\IM-Sanbercode-Laravel-Web-Dev-Batch-54\\latihanLaravel\\vendor\\laravel\\framework\\src\\Illuminate\\Routing\\Router.php(740): Illuminate\\Routing\\Router->runRoute(Object(Illuminate\\Http\\Request), Object(Illuminate\\Routing\\Route))
#32 D:\\Bootcamp\\Tugas\\IM-Sanbercode-Laravel-Web-Dev-Batch-54\\latihanLaravel\\vendor\\laravel\\framework\\src\\Illuminate\\Routing\\Router.php(729): Illuminate\\Routing\\Router->dispatchToRoute(Object(Illuminate\\Http\\Request))
#33 D:\\Bootcamp\\Tugas\\IM-Sanbercode-Laravel-Web-Dev-Batch-54\\latihanLaravel\\vendor\\laravel\\framework\\src\\Illuminate\\Foundation\\Http\\Kernel.php(190): Illuminate\\Routing\\Router->dispatch(Object(Illuminate\\Http\\Request))
#34 D:\\Bootcamp\\Tugas\\IM-Sanbercode-Laravel-Web-Dev-Batch-54\\latihanLaravel\\vendor\\laravel\\framework\\src\\Illuminate\\Pipeline\\Pipeline.php(141): Illuminate\\Foundation\\Http\\Kernel->Illuminate\\Foundation\\Http\\{closure}(Object(Illuminate\\Http\\Request))
#35 D:\\Bootcamp\\Tugas\\IM-Sanbercode-Laravel-Web-Dev-Batch-54\\latihanLaravel\\vendor\\laravel\\framework\\src\\Illuminate\\Foundation\\Http\\Middleware\\TransformsRequest.php(21): Illuminate\\Pipeline\\Pipeline->Illuminate\\Pipeline\\{closure}(Object(Illuminate\\Http\\Request))
#36 D:\\Bootcamp\\Tugas\\IM-Sanbercode-Laravel-Web-Dev-Batch-54\\latihanLaravel\\vendor\\laravel\\framework\\src\\Illuminate\\Foundation\\Http\\Middleware\\ConvertEmptyStringsToNull.php(31): Illuminate\\Foundation\\Http\\Middleware\\TransformsRequest->handle(Object(Illuminate\\Http\\Request), Object(Closure))
#37 D:\\Bootcamp\\Tugas\\IM-Sanbercode-Laravel-Web-Dev-Batch-54\\latihanLaravel\\vendor\\laravel\\framework\\src\\Illuminate\\Pipeline\\Pipeline.php(180): Illuminate\\Foundation\\Http\\Middleware\\ConvertEmptyStringsToNull->handle(Object(Illuminate\\Http\\Request), Object(Closure))
#38 D:\\Bootcamp\\Tugas\\IM-Sanbercode-Laravel-Web-Dev-Batch-54\\latihanLaravel\\vendor\\laravel\\framework\\src\\Illuminate\\Foundation\\Http\\Middleware\\TransformsRequest.php(21): Illuminate\\Pipeline\\Pipeline->Illuminate\\Pipeline\\{closure}(Object(Illuminate\\Http\\Request))
#39 D:\\Bootcamp\\Tugas\\IM-Sanbercode-Laravel-Web-Dev-Batch-54\\latihanLaravel\\vendor\\laravel\\framework\\src\\Illuminate\\Foundation\\Http\\Middleware\\TrimStrings.php(40): Illuminate\\Foundation\\Http\\Middleware\\TransformsRequest->handle(Object(Illuminate\\Http\\Request), Object(Closure))
#40 D:\\Bootcamp\\Tugas\\IM-Sanbercode-Laravel-Web-Dev-Batch-54\\latihanLaravel\\vendor\\laravel\\framework\\src\\Illuminate\\Pipeline\\Pipeline.php(180): Illuminate\\Foundation\\Http\\Middleware\\TrimStrings->handle(Object(Illuminate\\Http\\Request), Object(Closure))
#41 D:\\Bootcamp\\Tugas\\IM-Sanbercode-Laravel-Web-Dev-Batch-54\\latihanLaravel\\vendor\\laravel\\framework\\src\\Illuminate\\Foundation\\Http\\Middleware\\ValidatePostSize.php(27): Illuminate\\Pipeline\\Pipeline->Illuminate\\Pipeline\\{closure}(Object(Illuminate\\Http\\Request))
#42 D:\\Bootcamp\\Tugas\\IM-Sanbercode-Laravel-Web-Dev-Batch-54\\latihanLaravel\\vendor\\laravel\\framework\\src\\Illuminate\\Pipeline\\Pipeline.php(180): Illuminate\\Foundation\\Http\\Middleware\\ValidatePostSize->handle(Object(Illuminate\\Http\\Request), Object(Closure))
#43 D:\\Bootcamp\\Tugas\\IM-Sanbercode-Laravel-Web-Dev-Batch-54\\latihanLaravel\\vendor\\laravel\\framework\\src\\Illuminate\\Foundation\\Http\\Middleware\\PreventRequestsDuringMaintenance.php(86): Illuminate\\Pipeline\\Pipeline->Illuminate\\Pipeline\\{closure}(Object(Illuminate\\Http\\Request))
#44 D:\\Bootcamp\\Tugas\\IM-Sanbercode-Laravel-Web-Dev-Batch-54\\latihanLaravel\\vendor\\laravel\\framework\\src\\Illuminate\\Pipeline\\Pipeline.php(180): Illuminate\\Foundation\\Http\\Middleware\\PreventRequestsDuringMaintenance->handle(Object(Illuminate\\Http\\Request), Object(Closure))
#45 D:\\Bootcamp\\Tugas\\IM-Sanbercode-Laravel-Web-Dev-Batch-54\\latihanLaravel\\vendor\\laravel\\framework\\src\\Illuminate\\Http\\Middleware\\HandleCors.php(49): Illuminate\\Pipeline\\Pipeline->Illuminate\\Pipeline\\{closure}(Object(Illuminate\\Http\\Request))
#46 D:\\Bootcamp\\Tugas\\IM-Sanbercode-Laravel-Web-Dev-Batch-54\\latihanLaravel\\vendor\\laravel\\framework\\src\\Illuminate\\Pipeline\\Pipeline.php(180): Illuminate\\Http\\Middleware\\HandleCors->handle(Object(Illuminate\\Http\\Request), Object(Closure))
#47 D:\\Bootcamp\\Tugas\\IM-Sanbercode-Laravel-Web-Dev-Batch-54\\latihanLaravel\\vendor\\laravel\\framework\\src\\Illuminate\\Http\\Middleware\\TrustProxies.php(39): Illuminate\\Pipeline\\Pipeline->Illuminate\\Pipeline\\{closure}(Object(Illuminate\\Http\\Request))
#48 D:\\Bootcamp\\Tugas\\IM-Sanbercode-Laravel-Web-Dev-Batch-54\\latihanLaravel\\vendor\\laravel\\framework\\src\\Illuminate\\Pipeline\\Pipeline.php(180): Illuminate\\Http\\Middleware\\TrustProxies->handle(Object(Illuminate\\Http\\Request), Object(Closure))
#49 D:\\Bootcamp\\Tugas\\IM-Sanbercode-Laravel-Web-Dev-Batch-54\\latihanLaravel\\vendor\\laravel\\framework\\src\\Illuminate\\Pipeline\\Pipeline.php(116): Illuminate\\Pipeline\\Pipeline->Illuminate\\Pipeline\\{closure}(Object(Illuminate\\Http\\Request))
#50 D:\\Bootcamp\\Tugas\\IM-Sanbercode-Laravel-Web-Dev-Batch-54\\latihanLaravel\\vendor\\laravel\\framework\\src\\Illuminate\\Foundation\\Http\\Kernel.php(165): Illuminate\\Pipeline\\Pipeline->then(Object(Closure))
#51 D:\\Bootcamp\\Tugas\\IM-Sanbercode-Laravel-Web-Dev-Batch-54\\latihanLaravel\\vendor\\laravel\\framework\\src\\Illuminate\\Foundation\\Http\\Kernel.php(134): Illuminate\\Foundation\\Http\\Kernel->sendRequestThroughRouter(Object(Illuminate\\Http\\Request))
#52 D:\\Bootcamp\\Tugas\\IM-Sanbercode-Laravel-Web-Dev-Batch-54\\latihanLaravel\\public\\index.php(52): Illuminate\\Foundation\\Http\\Kernel->handle(Object(Illuminate\\Http\\Request))
#53 D:\\Bootcamp\\Tugas\\IM-Sanbercode-Laravel-Web-Dev-Batch-54\\latihanLaravel\\vendor\\laravel\\framework\\src\\Illuminate\\Foundation\\resources\\server.php(16): require_once('D:\\\\Bootcamp\\\\Tug...')
#54 {main}
"} 
